#
# There is insufficient memory for the Java Runtime Environment to continue.
# Native memory allocation (mmap) failed to map 197132288 bytes for G1 virtual space
# Possible reasons:
#   The system is out of physical RAM or swap space
#   The process is running with CompressedOops enabled, and the Java Heap may be blocking the growth of the native heap
# Possible solutions:
#   Reduce memory load on the system
#   Increase physical memory or swap space
#   Check if swap backing store is full
#   Decrease Java heap size (-Xmx/-Xms)
#   Decrease number of Java threads
#   Decrease Java thread stack sizes (-Xss)
#   Set larger code cache with -XX:ReservedCodeCacheSize=
#   JVM is running with Zero Based Compressed Oops mode in which the Java heap is
#     placed in the first 32GB address space. The Java Heap base address is the
#     maximum limit for the native heap growth. Please use -XX:HeapBaseMinAddress
#     to set the Java Heap base and to place the Java Heap above 32GB virtual address.
# This output file may be truncated or incomplete.
#
#  Out of Memory Error (os_windows.cpp:3548), pid=12104, tid=24860
#
# JRE version:  (17.0.12+8) (build )
# Java VM: Java HotSpot(TM) 64-Bit Server VM (17.0.12+8-LTS-286, mixed mode, sharing, tiered, compressed oops, compressed class ptrs, g1 gc, windows-amd64)
# No core dump will be written. Minidumps are not enabled by default on client versions of Windows
#

---------------  S U M M A R Y ------------

Command Line: -Dclassworlds.conf=C:\apache-maven-3.9.11-bin\apache-maven-3.9.11\bin\m2.conf -Dmaven.home=C:\apache-maven-3.9.11-bin\apache-maven-3.9.11 -Dlibrary.jansi.path=C:\apache-maven-3.9.11-bin\apache-maven-3.9.11\lib\jansi-native -Dmaven.multiModuleProjectDirectory=C:\Users\Subhashini\IdeaProjects\SDETBDD org.codehaus.plexus.classworlds.launcher.Launcher clean test -Dbrowser=chrome -Dcucumber .filter.tags=@Smoke

Host: Intel(R) Core(TM) i5-1035G1 CPU @ 1.00GHz, 8 cores, 11G,  Windows 11 , 64 bit Build 26100 (10.0.26100.7309)
Time: Sun Jan  4 17:17:33 2026 India Standard Time elapsed time: 2.046084 seconds (0d 0h 0m 2s)

---------------  T H R E A D  ---------------

Current thread (0x000001e24027f050):  JavaThread "Unknown thread" [_thread_in_vm, id=24860, stack(0x000000aa20e00000,0x000000aa20f00000)]

Stack: [0x000000aa20e00000,0x000000aa20f00000]
Native frames: (J=compiled Java code, j=interpreted, Vv=VM code, C=native code)
V  [jvm.dll+0x67a04a]
V  [jvm.dll+0x7da4ed]
V  [jvm.dll+0x7dbe33]
V  [jvm.dll+0x7dc4a3]
V  [jvm.dll+0x24508f]
V  [jvm.dll+0x677089]
V  [jvm.dll+0x66bd32]
V  [jvm.dll+0x301fa6]
V  [jvm.dll+0x309546]
V  [jvm.dll+0x359d2e]
V  [jvm.dll+0x359f5f]
V  [jvm.dll+0x2d9078]
V  [jvm.dll+0x2d9fe4]
V  [jvm.dll+0x7aca21]
V  [jvm.dll+0x367591]
V  [jvm.dll+0x78b999]
V  [jvm.dll+0x3ec83f]
V  [jvm.dll+0x3ee471]
C  [jli.dll+0x5297]
C  [ucrtbase.dll+0x37b0]
C  [KERNEL32.DLL+0x2e8d7]
C  [ntdll.dll+0x8c53c]


---------------  P R O C E S S  ---------------

Threads class SMR info:
_java_thread_list=0x00007fffb2057a18, length=0, elements={
}

Java Threads: ( => current thread )

Other Threads:
  0x000001e2402d6a20 GCTaskThread "GC Thread#0" [stack: 0x000000aa20f00000,0x000000aa21000000] [id=18116]
  0x000001e2402e3480 ConcurrentGCThread "G1 Main Marker" [stack: 0x000000aa21000000,0x000000aa21100000] [id=21000]
  0x000001e2402e3e90 ConcurrentGCThread "G1 Conc#0" [stack: 0x000000aa21100000,0x000000aa21200000] [id=20544]

[error occurred during error reporting (printing all threads), id 0xc0000005, EXCEPTION_ACCESS_VIOLATION (0xc0000005) at pc=0x00007fffb1889b67]

VM state: not at safepoint (not fully initialized)

VM Mutex/Monitor currently owned by a thread:  ([mutex/lock_event])
[0x000001e24027ad00] Heap_lock - owner thread: 0x000001e24027f050

Heap address: 0x0000000744e00000, size: 2994 MB, Compressed Oops mode: Zero based, Oop shift amount: 3

CDS archive(s) mapped at: [0x0000000000000000-0x0000000000000000-0x0000000000000000), size 0, SharedBaseAddress: 0x0000000800000000, ArchiveRelocationMode: 1.
Narrow klass base: 0x0000000000000000, Narrow klass shift: 0, Narrow klass range: 0x0

GC Precious Log:
<Empty>

Heap:
 garbage-first heap   total 0K, used 0K [0x0000000744e00000, 0x0000000800000000)
  region size 2048K, 0 young (0K), 0 survivors (0K)

[error occurred during error reporting (printing heap information), id 0xc0000005, EXCEPTION_ACCESS_VIOLATION (0xc0000005) at pc=0x00007fffb1c73859]

GC Heap History (0 events):
No events

Deoptimization events (0 events):
No events

Classes unloaded (0 events):
No events

Classes redefined (0 events):
No events

Internal exceptions (0 events):
No events

VM Operations (0 events):
No events

Events (1 events):
Event: 0.010 Loaded shared library C:\Program Files\Java\jdk-17\bin\java.dll


Dynamic libraries:
0x00007ff604e00000 - 0x00007ff604e10000 	C:\Program Files\Java\jdk-17\bin\java.exe
0x00007fffff4a0000 - 0x00007fffff707000 	C:\WINDOWS\SYSTEM32\ntdll.dll
0x00007ffffe010000 - 0x00007ffffe0d9000 	C:\WINDOWS\System32\KERNEL32.DLL
0x00007ffffcb00000 - 0x00007ffffceef000 	C:\WINDOWS\System32\KERNELBASE.dll
0x00007ffffd0f0000 - 0x00007ffffd23b000 	C:\WINDOWS\System32\ucrtbase.dll
0x00007ffff7320000 - 0x00007ffff7339000 	C:\Program Files\Java\jdk-17\bin\jli.dll
0x00007ffff65e0000 - 0x00007ffff65fb000 	C:\Program Files\Java\jdk-17\bin\VCRUNTIME140.dll
0x00007ffffd2c0000 - 0x00007ffffd374000 	C:\WINDOWS\System32\ADVAPI32.dll
0x00007ffffea90000 - 0x00007ffffeb39000 	C:\WINDOWS\System32\msvcrt.dll
0x00007ffffe6f0000 - 0x00007ffffe796000 	C:\WINDOWS\System32\sechost.dll
0x00007ffffe7a0000 - 0x00007ffffe8b8000 	C:\WINDOWS\System32\RPCRT4.dll
0x00007ffffe300000 - 0x00007ffffe4c5000 	C:\WINDOWS\System32\USER32.dll
0x00007ffffc6a0000 - 0x00007ffffc6c7000 	C:\WINDOWS\System32\win32u.dll
0x00007ffffe560000 - 0x00007ffffe58b000 	C:\WINDOWS\System32\GDI32.dll
0x00007ffffcf00000 - 0x00007ffffd02c000 	C:\WINDOWS\System32\gdi32full.dll
0x00007fffe8000000 - 0x00007fffe8293000 	C:\WINDOWS\WinSxS\amd64_microsoft.windows.common-controls_6595b64144ccf1df_6.0.26100.7309_none_3e05feeae336a044\COMCTL32.dll
0x00007ffffc9c0000 - 0x00007ffffca63000 	C:\WINDOWS\System32\msvcp_win.dll
0x00007ffff4ab0000 - 0x00007ffff4abb000 	C:\WINDOWS\SYSTEM32\VERSION.dll
0x00007ffffe2c0000 - 0x00007ffffe2f1000 	C:\WINDOWS\System32\IMM32.DLL
0x00007ffff4a40000 - 0x00007ffff4a4c000 	C:\Program Files\Java\jdk-17\bin\vcruntime140_1.dll
0x00007fffdca00000 - 0x00007fffdca8e000 	C:\Program Files\Java\jdk-17\bin\msvcp140.dll
0x00007fffb15a0000 - 0x00007fffb2180000 	C:\Program Files\Java\jdk-17\bin\server\jvm.dll
0x00007ffffe8c0000 - 0x00007ffffe8c8000 	C:\WINDOWS\System32\PSAPI.DLL
0x00007fffe7480000 - 0x00007fffe748a000 	C:\WINDOWS\SYSTEM32\WSOCK32.dll
0x00007fffe5230000 - 0x00007fffe5265000 	C:\WINDOWS\SYSTEM32\WINMM.dll
0x00007ffffdc00000 - 0x00007ffffdc74000 	C:\WINDOWS\System32\WS2_32.dll
0x00007ffffb370000 - 0x00007ffffb38b000 	C:\WINDOWS\SYSTEM32\kernel.appcore.dll
0x00007ffff4a30000 - 0x00007ffff4a3a000 	C:\Program Files\Java\jdk-17\bin\jimage.dll
0x00007ffff9cf0000 - 0x00007ffff9f32000 	C:\WINDOWS\SYSTEM32\DBGHELP.DLL
0x00007ffffdc80000 - 0x00007ffffe005000 	C:\WINDOWS\System32\combase.dll
0x00007ffffe590000 - 0x00007ffffe666000 	C:\WINDOWS\System32\OLEAUT32.dll
0x00007fffe1a70000 - 0x00007fffe1aac000 	C:\WINDOWS\SYSTEM32\dbgcore.DLL
0x00007ffffc5f0000 - 0x00007ffffc695000 	C:\WINDOWS\System32\bcryptPrimitives.dll
0x00007fffe9aa0000 - 0x00007fffe9ac5000 	C:\Program Files\Java\jdk-17\bin\java.dll

dbghelp: loaded successfully - version: 4.0.5 - missing functions: none
symbol engine: initialized successfully - sym options: 0x614 - pdb path: .;C:\Program Files\Java\jdk-17\bin;C:\WINDOWS\SYSTEM32;C:\WINDOWS\WinSxS\amd64_microsoft.windows.common-controls_6595b64144ccf1df_6.0.26100.7309_none_3e05feeae336a044;C:\Program Files\Java\jdk-17\bin\server

VM Arguments:
jvm_args: -Dclassworlds.conf=C:\apache-maven-3.9.11-bin\apache-maven-3.9.11\bin\m2.conf -Dmaven.home=C:\apache-maven-3.9.11-bin\apache-maven-3.9.11 -Dlibrary.jansi.path=C:\apache-maven-3.9.11-bin\apache-maven-3.9.11\lib\jansi-native -Dmaven.multiModuleProjectDirectory=C:\Users\Subhashini\IdeaProjects\SDETBDD 
java_command: org.codehaus.plexus.classworlds.launcher.Launcher clean test -Dbrowser=chrome -Dcucumber .filter.tags=@Smoke
java_class_path (initial): C:\apache-maven-3.9.11-bin\apache-maven-3.9.11\boot\plexus-classworlds-2.9.0.jar
Launcher Type: SUN_STANDARD

[Global flags]
     intx CICompilerCount                          = 4                                         {product} {ergonomic}
     uint ConcGCThreads                            = 2                                         {product} {ergonomic}
     uint G1ConcRefinementThreads                  = 8                                         {product} {ergonomic}
   size_t G1HeapRegionSize                         = 2097152                                   {product} {ergonomic}
    uintx GCDrainStackTargetSize                   = 64                                        {product} {ergonomic}
   size_t InitialHeapSize                          = 197132288                                 {product} {ergonomic}
   size_t MarkStackSize                            = 4194304                                   {product} {ergonomic}
   size_t MaxHeapSize                              = 3139436544                                {product} {ergonomic}
   size_t MinHeapDeltaBytes                        = 2097152                                   {product} {ergonomic}
   size_t MinHeapSize                              = 8388608                                   {product} {ergonomic}
    uintx NonNMethodCodeHeapSize                   = 5839372                                {pd product} {ergonomic}
    uintx NonProfiledCodeHeapSize                  = 122909434                              {pd product} {ergonomic}
    uintx ProfiledCodeHeapSize                     = 122909434                              {pd product} {ergonomic}
    uintx ReservedCodeCacheSize                    = 251658240                              {pd product} {ergonomic}
     bool SegmentedCodeCache                       = true                                      {product} {ergonomic}
   size_t SoftMaxHeapSize                          = 3139436544                             {manageable} {ergonomic}
     bool UseCompressedClassPointers               = true                           {product lp64_product} {ergonomic}
     bool UseCompressedOops                        = true                           {product lp64_product} {ergonomic}
     bool UseG1GC                                  = true                                      {product} {ergonomic}
     bool UseLargePagesIndividualAllocation        = false                                  {pd product} {ergonomic}

Logging:
Log output configuration:
 #0: stdout all=warning uptime,level,tags
 #1: stderr all=off uptime,level,tags

Environment Variables:
JAVA_HOME=C:\Program Files\Java\jdk-17
PATH=C:\Program Files\Common Files\Oracle\Java\javapath;C:\WINDOWS\system32;C:\WINDOWS;C:\WINDOWS\System32\Wbem;C:\WINDOWS\System32\WindowsPowerShell\v1.0\;C:\WINDOWS\System32\OpenSSH\;C:\Program Files\Git\cmd;C:\Program Files\nodejs\;C:\Program Files\Docker\Docker\resources\bin;C:\Users\Subhashini\AppData\Local\Microsoft\WindowsApps;C:\apache-maven-3.9.11-bin\apache-maven-3.9.11\bin;C:\Users\Subhashini\AppData\Roaming\npm;C:\Users\Subhashini\AppData\Local\Programs\Microsoft VS Code\bin
USERNAME=Subhashini
OS=Windows_NT
PROCESSOR_IDENTIFIER=Intel64 Family 6 Model 126 Stepping 5, GenuineIntel



---------------  S Y S T E M  ---------------

OS:
 Windows 11 , 64 bit Build 26100 (10.0.26100.7309)
OS uptime: 9 days 17:30 hours
Hyper-V role detected

CPU: total 8 (initial active 8) (4 cores per cpu, 2 threads per core) family 6 model 126 stepping 5 microcode 0xbc, cx8, cmov, fxsr, ht, mmx, 3dnowpref, sse, sse2, sse3, ssse3, sse4.1, sse4.2, popcnt, lzcnt, tsc, tscinvbit, avx, avx2, aes, erms, clmul, bmi1, bmi2, adx, avx512f, avx512dq, avx512cd, avx512bw, avx512vl, sha, fma, vzeroupper, avx512_vpopcntdq, avx512_vpclmulqdq, avx512_vaes, avx512_vnni, clflush, clflushopt, avx512_vbmi2, avx512_vbmi, hv

Memory: 4k page, system-wide physical 11971M (1089M free)
TotalPageFile size 48835M (AvailPageFile size 104M)
current process WorkingSet (physical memory assigned to process): 12M, peak: 12M
current process commit charge ("private bytes"): 60M, peak: 248M

vm_info: Java HotSpot(TM) 64-Bit Server VM (17.0.12+8-LTS-286) for windows-amd64 JRE (17.0.12+8-LTS-286), built on Jun  5 2024 06:46:59 by "mach5one" with MS VC++ 17.6 (VS2022)

END.
