2026-01-05 13:39:57 INFO  driver.DriverFactory - Initializing WebDriver
2026-01-05 13:39:57 INFO  driver.DriverFactory - Initializing WebDriver
2026-01-05 13:40:05 INFO  stepdefinitions.LoginSteps - Navigating to login page
2026-01-05 13:40:05 INFO  stepdefinitions.LoginSteps - Entering valid credentials
2026-01-05 13:40:05 INFO  stepdefinitions.LoginSteps - Verifying home page
2026-01-05 13:40:07 INFO  stepdefinitions.LoginSteps - Navigating to login page
2026-01-05 13:40:07 INFO  stepdefinitions.LoginSteps - Entering valid credentials
2026-01-05 13:40:08 INFO  stepdefinitions.LoginSteps - Verifying home page
2026-01-05 16:25:38 INFO  driver.DriverFactory - Initializing WebDriver
2026-01-05 16:25:51 INFO  stepdefinitions.LoginSteps - Navigating to login page
2026-01-05 16:25:51 INFO  stepdefinitions.LoginSteps - Entering valid credentials
2026-01-05 16:25:51 INFO  stepdefinitions.LoginSteps - Verifying home page
2026-01-05 16:25:51 INFO  driver.DriverFactory - Initializing WebDriver
2026-01-05 16:25:52 INFO  stepdefinitions.LoginSteps - Navigating to login page
2026-01-05 16:25:52 INFO  stepdefinitions.LoginSteps - Entering valid credentials
2026-01-05 16:25:52 INFO  driver.DriverFactory - Initializing WebDriver
2026-01-05 16:31:05 INFO  driver.DriverFactory - Initializing WebDriver
2026-01-05 16:31:08 INFO  stepdefinitions.LoginSteps - Navigating to login page
2026-01-05 16:31:08 INFO  stepdefinitions.LoginSteps - Entering valid credentials
2026-01-05 16:31:08 INFO  stepdefinitions.LoginSteps - Verifying home page
2026-01-05 16:31:08 INFO  driver.DriverFactory - Initializing WebDriver
2026-01-05 16:31:09 INFO  stepdefinitions.LoginSteps - Navigating to login page
2026-01-05 16:31:10 INFO  stepdefinitions.LoginSteps - Entering valid credentials
2026-01-05 16:31:10 INFO  driver.DriverFactory - Initializing WebDriver
2026-01-05 16:33:57 INFO  driver.DriverFactory - Initializing WebDriver
2026-01-05 16:34:02 INFO  stepdefinitions.LoginSteps - Navigating to login page
2026-01-05 16:34:02 INFO  stepdefinitions.LoginSteps - Entering valid credentials
2026-01-05 16:34:02 INFO  stepdefinitions.LoginSteps - Verifying home page
2026-01-05 16:34:02 INFO  driver.DriverFactory - Initializing WebDriver
2026-01-05 16:34:03 INFO  stepdefinitions.LoginSteps - Navigating to login page
2026-01-05 16:34:03 INFO  stepdefinitions.LoginSteps - Entering valid credentials
2026-01-05 16:34:03 INFO  driver.DriverFactory - Initializing WebDriver
2026-01-05 16:37:02 INFO  driver.DriverFactory - Initializing WebDriver
2026-01-05 16:37:06 INFO  stepdefinitions.LoginSteps - Navigating to login page
2026-01-05 16:37:06 INFO  stepdefinitions.LoginSteps - Entering valid credentials
2026-01-05 16:37:06 INFO  stepdefinitions.LoginSteps - Verifying home page
2026-01-05 16:37:06 INFO  driver.DriverFactory - Initializing WebDriver
2026-01-05 16:37:07 INFO  stepdefinitions.LoginSteps - Navigating to login page
2026-01-05 16:37:08 INFO  stepdefinitions.LoginSteps - Entering valid credentials
2026-01-05 16:37:08 INFO  driver.DriverFactory - Initializing WebDriver
2026-01-05 16:37:52 INFO  hooks.Hooks - ===== Scenario Started: Valid login =====
2026-01-05 16:37:52 INFO  driver.DriverFactory - Initializing WebDriver
2026-01-05 16:37:55 INFO  stepdefinitions.LoginSteps - Navigating to login page
2026-01-05 16:37:55 INFO  hooks.Hooks - ===== Scenario Finished: Valid login | Status: FAILED =====
2026-01-05 16:37:55 INFO  driver.DriverFactory - Quitting WebDriver
2026-01-05 16:41:20 INFO  driver.DriverFactory - Initializing WebDriver
2026-01-05 16:41:23 INFO  stepdefinitions.LoginSteps - Navigating to login page
2026-01-05 16:41:23 INFO  stepdefinitions.LoginSteps - Entering valid credentials
2026-01-05 16:41:23 INFO  stepdefinitions.LoginSteps - Verifying home page
2026-01-05 16:41:23 INFO  driver.DriverFactory - Initializing WebDriver
2026-01-05 16:41:24 INFO  stepdefinitions.LoginSteps - Navigating to login page
2026-01-05 16:41:24 INFO  stepdefinitions.LoginSteps - Entering valid credentials
2026-01-05 16:41:24 INFO  driver.DriverFactory - Initializing WebDriver
2026-01-05 16:42:04 INFO  driver.DriverFactory - Initializing WebDriver
2026-01-05 16:42:10 INFO  stepdefinitions.LoginSteps - Navigating to login page
2026-01-05 16:42:10 INFO  stepdefinitions.LoginSteps - Entering valid credentials
2026-01-05 16:42:10 INFO  stepdefinitions.LoginSteps - Verifying home page
2026-01-05 16:42:10 INFO  driver.DriverFactory - Initializing WebDriver
2026-01-05 16:42:11 INFO  stepdefinitions.LoginSteps - Navigating to login page
2026-01-05 16:42:11 INFO  stepdefinitions.LoginSteps - Entering valid credentials
2026-01-05 16:42:11 INFO  stepdefinitions.LoginSteps - Verifying home page
2026-01-05 16:46:58 INFO  driver.DriverFactory - Initializing WebDriver
2026-01-05 16:47:01 INFO  stepdefinitions.LoginSteps - Navigating to login page
2026-01-05 16:47:01 INFO  stepdefinitions.LoginSteps - Entering valid credentials
2026-01-05 16:47:01 INFO  stepdefinitions.LoginSteps - Verifying home page
2026-01-05 16:47:01 INFO  driver.DriverFactory - Initializing WebDriver
2026-01-05 16:47:02 INFO  stepdefinitions.LoginSteps - Navigating to login page
2026-01-05 16:47:02 INFO  stepdefinitions.LoginSteps - Entering valid credentials
2026-01-05 16:47:02 INFO  stepdefinitions.LoginSteps - Verifying home page
2026-01-05 16:53:01 INFO  hooks.Hooks - ===== Scenario Started: Valid login =====
2026-01-05 16:53:01 INFO  driver.DriverFactory - Initializing WebDriver
2026-01-05 16:53:05 INFO  stepdefinitions.LoginSteps - Navigating to login page
2026-01-05 16:53:05 INFO  hooks.Hooks - ===== Scenario Finished: Valid login | Status: FAILED =====
2026-01-05 16:53:05 INFO  driver.DriverFactory - Attempting to quit WebDriver
2026-01-05 16:53:05 INFO  driver.DriverFactory - Quitting driver instance: ChromeDriver: chrome on windows (54872110a3e7d6a8851f1e02ceefe897)
2026-01-05 16:53:05 INFO  hooks.Hooks - ===== Scenario Started: Valid login =====
2026-01-05 16:53:05 INFO  driver.DriverFactory - Initializing WebDriver
2026-01-05 16:53:08 INFO  stepdefinitions.LoginSteps - Navigating to login page
2026-01-05 16:53:08 INFO  hooks.Hooks - ===== Scenario Finished: Valid login | Status: FAILED =====
2026-01-05 16:53:08 INFO  driver.DriverFactory - Attempting to quit WebDriver
2026-01-05 16:53:08 INFO  driver.DriverFactory - Quitting driver instance: ChromeDriver: chrome on windows (cac2aaa70e89f30094a85dfebc4acf79)
2026-01-05 16:53:08 INFO  driver.DriverFactory - Initializing WebDriver
2026-01-05 16:53:09 INFO  driver.DriverFactory - Initializing WebDriver
2026-01-05 17:01:40 INFO  hooks.Hooks - ===== Scenario Started: Valid login =====
2026-01-05 17:01:40 INFO  driver.DriverFactory - Initializing WebDriver
2026-01-05 17:01:43 INFO  stepdefinitions.LoginSteps - Navigating to login page
2026-01-05 17:01:43 INFO  stepdefinitions.LoginSteps - Entering valid credentials
2026-01-05 17:01:43 INFO  stepdefinitions.LoginSteps - Verifying home page
2026-01-05 17:01:43 INFO  hooks.Hooks - ===== Scenario Finished: Valid login | Status: PASSED =====
2026-01-05 17:01:43 INFO  driver.DriverFactory - Attempting to quit WebDriver
2026-01-05 17:01:43 INFO  driver.DriverFactory - Quitting driver instance: ChromeDriver: chrome on windows (8724296b633ad86894c15f0d562a4adb)
2026-01-05 17:01:43 INFO  hooks.Hooks - ===== Scenario Started: Valid login =====
2026-01-05 17:01:43 INFO  driver.DriverFactory - Initializing WebDriver
2026-01-05 17:01:45 INFO  stepdefinitions.LoginSteps - Navigating to login page
2026-01-05 17:01:45 INFO  stepdefinitions.LoginSteps - Entering valid credentials
2026-01-05 17:01:45 INFO  stepdefinitions.LoginSteps - Verifying home page
2026-01-05 17:01:45 INFO  hooks.Hooks - ===== Scenario Finished: Valid login | Status: PASSED =====
2026-01-05 17:01:45 INFO  driver.DriverFactory - Attempting to quit WebDriver
2026-01-05 17:01:45 INFO  driver.DriverFactory - Quitting driver instance: ChromeDriver: chrome on windows (a12bc261b0818053c7fae892ce9e094d)
2026-01-05 17:02:39 INFO  hooks.Hooks - ===== Scenario Started: Valid login =====
2026-01-05 17:02:39 INFO  driver.DriverFactory - Initializing WebDriver
2026-01-05 17:02:43 INFO  stepdefinitions.LoginSteps - Navigating to login page
2026-01-05 17:02:43 INFO  stepdefinitions.LoginSteps - Entering valid credentials
2026-01-05 17:02:43 INFO  stepdefinitions.LoginSteps - Verifying home page
2026-01-05 17:02:43 INFO  hooks.Hooks - ===== Scenario Finished: Valid login | Status: PASSED =====
2026-01-05 17:02:43 INFO  driver.DriverFactory - Attempting to quit WebDriver
2026-01-05 17:02:43 INFO  driver.DriverFactory - Quitting driver instance: ChromeDriver: chrome on windows (52de8f9ba28bb1fdb38495e41afb233e)
2026-01-05 17:02:43 INFO  hooks.Hooks - ===== Scenario Started: Valid login =====
2026-01-05 17:02:43 INFO  driver.DriverFactory - Initializing WebDriver
2026-01-05 17:02:46 INFO  stepdefinitions.LoginSteps - Navigating to login page
2026-01-05 17:02:46 INFO  stepdefinitions.LoginSteps - Entering valid credentials
2026-01-05 17:02:46 INFO  hooks.Hooks - ===== Scenario Finished: Valid login | Status: FAILED =====
2026-01-05 17:02:46 INFO  driver.DriverFactory - Attempting to quit WebDriver
2026-01-05 17:02:46 INFO  driver.DriverFactory - Quitting driver instance: ChromeDriver: chrome on windows (b8b69809e94f08a3cf4a72a22854825c)
2026-01-05 17:02:47 INFO  driver.DriverFactory - Initializing WebDriver
2026-01-05 17:03:26 INFO  hooks.Hooks - ===== Scenario Started: Valid login =====
2026-01-05 17:03:27 INFO  driver.DriverFactory - Initializing WebDriver
2026-01-05 17:03:29 INFO  stepdefinitions.LoginSteps - Navigating to login page
2026-01-05 17:03:29 INFO  stepdefinitions.LoginSteps - Entering valid credentials
2026-01-05 17:03:29 INFO  hooks.Hooks - ===== Scenario Finished: Valid login | Status: FAILED =====
2026-01-05 17:03:29 INFO  driver.DriverFactory - Attempting to quit WebDriver
2026-01-05 17:03:29 INFO  driver.DriverFactory - Quitting driver instance: ChromeDriver: chrome on windows (e342fc6aa8324d688e911e3d6d7bfb57)
2026-01-05 17:04:49 INFO  hooks.Hooks - ===== Scenario Started: Valid login =====
2026-01-05 17:04:49 INFO  driver.DriverFactory - Initializing WebDriver
2026-01-05 17:04:55 INFO  stepdefinitions.LoginSteps - Navigating to login page
2026-01-05 17:04:55 INFO  stepdefinitions.LoginSteps - Entering valid credentials
2026-01-05 17:04:55 INFO  stepdefinitions.LoginSteps - Verifying home page
2026-01-05 17:04:55 INFO  hooks.Hooks - ===== Scenario Finished: Valid login | Status: PASSED =====
2026-01-05 17:04:55 INFO  driver.DriverFactory - Attempting to quit WebDriver
2026-01-05 17:04:55 INFO  driver.DriverFactory - Quitting driver instance: ChromeDriver: chrome on windows (db984db7460716e1b65a0d5fe205d61e)
2026-01-05 17:04:56 INFO  hooks.Hooks - ===== Scenario Started: Valid login =====
2026-01-05 17:04:56 INFO  driver.DriverFactory - Initializing WebDriver
2026-01-05 17:04:59 INFO  stepdefinitions.LoginSteps - Navigating to login page
2026-01-05 17:04:59 INFO  stepdefinitions.LoginSteps - Entering valid credentials
2026-01-05 17:04:59 INFO  hooks.Hooks - ===== Scenario Finished: Valid login | Status: FAILED =====
2026-01-05 17:04:59 INFO  driver.DriverFactory - Attempting to quit WebDriver
2026-01-05 17:04:59 INFO  driver.DriverFactory - Quitting driver instance: ChromeDriver: chrome on windows (9bf0077c662ba771868957f255c13d3d)
2026-01-05 17:04:59 INFO  driver.DriverFactory - Initializing WebDriver
2026-01-05 17:08:58 INFO  hooks.Hooks - ===== Scenario Started: Valid login =====
2026-01-05 17:08:58 INFO  driver.DriverFactory - Initializing WebDriver
2026-01-05 17:09:01 INFO  stepdefinitions.LoginSteps - Navigating to login page
2026-01-05 17:09:01 INFO  stepdefinitions.LoginSteps - Entering valid credentials
2026-01-05 17:09:01 INFO  stepdefinitions.LoginSteps - Verifying home page
2026-01-05 17:09:01 INFO  hooks.Hooks - ===== Scenario Finished: Valid login | Status: PASSED =====
2026-01-05 17:09:01 INFO  driver.DriverFactory - Attempting to quit WebDriver
2026-01-05 17:09:01 INFO  driver.DriverFactory - Quitting driver instance: ChromeDriver: chrome on windows (b47f3c737151548e0e5a297aa800a819)
2026-01-05 17:09:02 INFO  hooks.Hooks - ===== Scenario Started: Valid login =====
2026-01-05 17:09:02 INFO  driver.DriverFactory - Initializing WebDriver
2026-01-05 17:09:04 INFO  stepdefinitions.LoginSteps - Navigating to login page
2026-01-05 17:09:04 INFO  stepdefinitions.LoginSteps - Entering valid credentials
2026-01-05 17:09:04 INFO  hooks.Hooks - ===== Scenario Finished: Valid login | Status: FAILED =====
2026-01-05 17:09:04 INFO  driver.DriverFactory - Attempting to quit WebDriver
2026-01-05 17:09:04 INFO  driver.DriverFactory - Quitting driver instance: ChromeDriver: chrome on windows (5a59853ab17395237743a9a71c481b31)
2026-01-05 17:09:04 INFO  driver.DriverFactory - Initializing WebDriver
2026-01-05 17:12:41 INFO  hooks.Hooks - ===== Scenario Started: Valid login =====
2026-01-05 17:12:41 INFO  driver.DriverFactory - Initializing WebDriver
2026-01-05 17:12:44 INFO  stepdefinitions.LoginSteps - Navigating to login page
2026-01-05 17:12:44 INFO  stepdefinitions.LoginSteps - Entering valid credentials
2026-01-05 17:12:44 INFO  stepdefinitions.LoginSteps - Verifying home page
2026-01-05 17:12:44 INFO  hooks.Hooks - ===== Scenario Finished: Valid login | Status: PASSED =====
2026-01-05 17:12:44 INFO  driver.DriverFactory - Attempting to quit WebDriver
2026-01-05 17:12:44 INFO  driver.DriverFactory - Quitting driver instance: ChromeDriver: chrome on windows (9ea088dc1afcb3cf2922526a4bead228)
2026-01-05 17:12:45 INFO  hooks.Hooks - ===== Scenario Started: Valid login =====
2026-01-05 17:12:45 INFO  driver.DriverFactory - Initializing WebDriver
2026-01-05 17:12:47 INFO  stepdefinitions.LoginSteps - Navigating to login page
2026-01-05 17:12:47 INFO  stepdefinitions.LoginSteps - Entering valid credentials
2026-01-05 17:12:47 INFO  hooks.Hooks - ===== Scenario Finished: Valid login | Status: FAILED =====
2026-01-05 17:12:47 INFO  driver.DriverFactory - Attempting to quit WebDriver
2026-01-05 17:12:47 INFO  driver.DriverFactory - Quitting driver instance: ChromeDriver: chrome on windows (312f2b49341e816922e88762433fc3a4)
2026-01-05 17:12:47 INFO  driver.DriverFactory - Initializing WebDriver
2026-01-05 17:17:15 INFO  hooks.Hooks - ===== Scenario Started: Valid login =====
2026-01-05 17:17:15 INFO  driver.DriverFactory - Initializing WebDriver | mode=local | browser=chrome
2026-01-05 17:17:18 INFO  stepdefinitions.LoginSteps - Navigating to login page
2026-01-05 17:17:18 INFO  stepdefinitions.LoginSteps - Entering valid credentials
2026-01-05 17:17:18 INFO  stepdefinitions.LoginSteps - Verifying home page
2026-01-05 17:17:18 INFO  hooks.Hooks - ===== Scenario Finished: Valid login | Status: PASSED =====
2026-01-05 17:17:18 INFO  driver.DriverFactory - Attempting to quit WebDriver
2026-01-05 17:17:18 INFO  driver.DriverFactory - WebDriver quit successfully
2026-01-05 17:17:18 INFO  hooks.Hooks - ===== Scenario Started: Valid login =====
2026-01-05 17:17:18 INFO  driver.DriverFactory - Initializing WebDriver | mode=local | browser=chrome
2026-01-05 17:17:20 INFO  stepdefinitions.LoginSteps - Navigating to login page
2026-01-05 17:17:21 INFO  stepdefinitions.LoginSteps - Entering valid credentials
2026-01-05 17:17:21 INFO  hooks.Hooks - ===== Scenario Finished: Valid login | Status: FAILED =====
2026-01-05 17:17:21 INFO  driver.DriverFactory - Attempting to quit WebDriver
2026-01-05 17:17:21 INFO  driver.DriverFactory - WebDriver quit successfully
2026-01-05 17:31:56 INFO  hooks.Hooks - ===== Scenario Started: Valid login =====
2026-01-05 17:31:56 INFO  driver.DriverFactory - Initializing WebDriver | mode=local | browser=chrome
2026-01-05 17:31:59 INFO  stepdefinitions.LoginSteps - Navigating to login page
2026-01-05 17:32:00 INFO  stepdefinitions.LoginSteps - Entering valid credentials
2026-01-05 17:32:00 INFO  stepdefinitions.LoginSteps - Verifying home page
2026-01-05 17:32:00 INFO  driver.DriverFactory - Attempting to quit WebDriver
2026-01-05 17:32:00 INFO  driver.DriverFactory - WebDriver quit successfully
2026-01-05 17:32:00 INFO  hooks.Hooks - ===== Scenario Started: Valid login =====
2026-01-05 17:32:00 INFO  driver.DriverFactory - Initializing WebDriver | mode=local | browser=chrome
2026-01-05 17:32:03 INFO  stepdefinitions.LoginSteps - Navigating to login page
2026-01-05 17:32:03 INFO  stepdefinitions.LoginSteps - Entering valid credentials
2026-01-05 17:32:03 INFO  driver.DriverFactory - Attempting to quit WebDriver
2026-01-05 17:32:03 INFO  driver.DriverFactory - WebDriver quit successfully
2026-01-05 21:35:18 INFO  hooks.Hooks - ===== Scenario Started: Valid login =====
2026-01-05 21:35:18 INFO  driver.DriverFactory - Initializing WebDriver | mode=local | browser=chrome
2026-01-05 21:35:20 INFO  stepdefinitions.LoginSteps - Navigating to login page
2026-01-05 21:35:21 INFO  stepdefinitions.LoginSteps - Entering valid credentials
2026-01-05 21:35:21 INFO  stepdefinitions.LoginSteps - Verifying home page
2026-01-05 21:35:21 INFO  driver.DriverFactory - Attempting to quit WebDriver
2026-01-05 21:35:21 INFO  driver.DriverFactory - WebDriver quit successfully
2026-01-05 21:35:21 INFO  hooks.Hooks - ===== Scenario Started: Invalid login =====
2026-01-05 21:35:21 INFO  driver.DriverFactory - Initializing WebDriver | mode=local | browser=chrome
2026-01-05 21:35:23 INFO  stepdefinitions.LoginSteps - Navigating to login page
2026-01-05 21:35:23 INFO  stepdefinitions.LoginSteps - Entering valid credentials
2026-01-05 21:35:23 INFO  stepdefinitions.LoginSteps - Verifying home page
2026-01-05 21:35:23 INFO  driver.DriverFactory - Attempting to quit WebDriver
2026-01-05 21:35:24 INFO  driver.DriverFactory - WebDriver quit successfully
2026-01-05 21:35:24 INFO  hooks.Hooks - ===== Scenario Started: Valid login =====
2026-01-05 21:35:24 INFO  driver.DriverFactory - Initializing WebDriver | mode=local | browser=chrome
2026-01-05 21:35:26 INFO  stepdefinitions.LoginSteps - Navigating to login page
2026-01-05 21:35:26 INFO  stepdefinitions.LoginSteps - Entering valid credentials
2026-01-05 21:35:26 INFO  driver.DriverFactory - Attempting to quit WebDriver
2026-01-05 21:35:26 INFO  driver.DriverFactory - WebDriver quit successfully
2026-01-05 21:36:15 INFO  hooks.Hooks - ===== Scenario Started: Valid login =====
2026-01-05 21:36:15 INFO  driver.DriverFactory - Initializing WebDriver | mode=local | browser=chrome
2026-01-05 21:36:18 INFO  stepdefinitions.LoginSteps - Navigating to login page
2026-01-05 21:36:18 INFO  stepdefinitions.LoginSteps - Entering valid credentials
2026-01-05 21:36:18 INFO  stepdefinitions.LoginSteps - Verifying home page
2026-01-05 21:36:18 INFO  driver.DriverFactory - Attempting to quit WebDriver
2026-01-05 21:36:18 INFO  driver.DriverFactory - WebDriver quit successfully
2026-01-05 21:36:18 INFO  hooks.Hooks - ===== Scenario Started: Invalid login =====
2026-01-05 21:36:18 INFO  driver.DriverFactory - Initializing WebDriver | mode=local | browser=chrome
2026-01-05 21:36:21 INFO  stepdefinitions.LoginSteps - Navigating to login page
2026-01-05 21:36:21 INFO  stepdefinitions.LoginSteps - Entering valid credentials
2026-01-05 21:36:21 INFO  stepdefinitions.LoginSteps - Verifying home page
2026-01-05 21:36:21 INFO  driver.DriverFactory - Attempting to quit WebDriver
2026-01-05 21:36:21 INFO  driver.DriverFactory - WebDriver quit successfully
2026-01-05 21:36:21 INFO  hooks.Hooks - ===== Scenario Started: Valid login =====
2026-01-05 21:36:21 INFO  driver.DriverFactory - Initializing WebDriver | mode=local | browser=chrome
2026-01-05 21:36:23 INFO  stepdefinitions.LoginSteps - Navigating to login page
2026-01-05 21:36:23 INFO  stepdefinitions.LoginSteps - Entering valid credentials
2026-01-05 21:36:24 INFO  driver.DriverFactory - Attempting to quit WebDriver
2026-01-05 21:36:24 INFO  driver.DriverFactory - WebDriver quit successfully
2026-01-05 22:09:44 INFO  hooks.Hooks - ===== Scenario Started: Valid login =====
2026-01-05 22:09:44 INFO  driver.DriverFactory - Initializing WebDriver | mode=local | browser=chrome
2026-01-05 22:09:47 INFO  stepdefinitions.LoginSteps - Navigating to login page
2026-01-05 22:09:47 INFO  stepdefinitions.LoginSteps - Entering valid credentials
2026-01-05 22:09:47 INFO  stepdefinitions.LoginSteps - Verifying home page
2026-01-05 22:09:47 INFO  driver.DriverFactory - Attempting to quit WebDriver
2026-01-05 22:09:48 INFO  driver.DriverFactory - WebDriver quit successfully
2026-01-05 22:09:48 INFO  hooks.Hooks - ===== Scenario Started: Invalid login =====
2026-01-05 22:09:48 INFO  driver.DriverFactory - Initializing WebDriver | mode=local | browser=chrome
2026-01-05 22:09:50 INFO  stepdefinitions.LoginSteps - Navigating to login page
2026-01-05 22:09:50 INFO  stepdefinitions.LoginSteps - Entering valid credentials
2026-01-05 22:09:50 INFO  stepdefinitions.LoginSteps - Verifying home page
2026-01-05 22:09:50 INFO  driver.DriverFactory - Attempting to quit WebDriver
2026-01-05 22:09:50 INFO  driver.DriverFactory - WebDriver quit successfully
2026-01-05 22:09:50 INFO  hooks.Hooks - ===== Scenario Started: Valid login =====
2026-01-05 22:09:50 INFO  driver.DriverFactory - Initializing WebDriver | mode=local | browser=chrome
2026-01-05 22:09:53 INFO  stepdefinitions.LoginSteps - Navigating to login page
2026-01-05 22:09:53 INFO  stepdefinitions.LoginSteps - Entering valid credentials
2026-01-05 22:13:58 INFO  hooks.Hooks - ===== Scenario Started: Valid login =====
2026-01-05 22:13:58 INFO  driver.DriverFactory - Initializing WebDriver | mode=local | browser=chrome
2026-01-05 22:14:01 INFO  stepdefinitions.LoginSteps - Navigating to login page
2026-01-05 22:14:01 INFO  stepdefinitions.LoginSteps - Entering valid credentials
2026-01-05 22:14:01 INFO  stepdefinitions.LoginSteps - Verifying home page
2026-01-05 22:14:01 INFO  driver.DriverFactory - Attempting to quit WebDriver
2026-01-05 22:14:01 INFO  driver.DriverFactory - WebDriver quit successfully
2026-01-05 22:14:02 INFO  hooks.Hooks - ===== Scenario Started: Invalid login =====
2026-01-05 22:14:02 INFO  driver.DriverFactory - Initializing WebDriver | mode=local | browser=chrome
2026-01-05 22:14:04 INFO  stepdefinitions.LoginSteps - Navigating to login page
2026-01-05 22:14:04 INFO  stepdefinitions.LoginSteps - Entering valid credentials
2026-01-05 22:14:04 INFO  stepdefinitions.LoginSteps - Verifying home page
2026-01-05 22:14:04 INFO  driver.DriverFactory - Attempting to quit WebDriver
2026-01-05 22:14:04 INFO  driver.DriverFactory - WebDriver quit successfully
2026-01-05 22:14:04 INFO  hooks.Hooks - ===== Scenario Started: Valid login =====
2026-01-05 22:14:04 INFO  driver.DriverFactory - Initializing WebDriver | mode=local | browser=chrome
2026-01-05 22:14:07 INFO  stepdefinitions.LoginSteps - Navigating to login page
2026-01-05 22:14:07 INFO  stepdefinitions.LoginSteps - Entering valid credentials
2026-01-05 22:14:07 INFO  driver.DriverFactory - Attempting to quit WebDriver
2026-01-05 22:14:07 INFO  driver.DriverFactory - WebDriver quit successfully
2026-01-05 22:15:41 INFO  hooks.Hooks - ===== Scenario Started: Valid login =====
2026-01-05 22:15:41 INFO  driver.DriverFactory - Initializing WebDriver | mode=local | browser=chrome
2026-01-05 22:15:44 INFO  stepdefinitions.LoginSteps - Navigating to login page
2026-01-05 22:15:44 INFO  stepdefinitions.LoginSteps - Entering valid credentials
2026-01-05 22:15:44 INFO  stepdefinitions.LoginSteps - Verifying home page
2026-01-05 22:15:44 INFO  driver.DriverFactory - Attempting to quit WebDriver
2026-01-05 22:15:44 INFO  driver.DriverFactory - WebDriver quit successfully
2026-01-05 22:15:45 INFO  hooks.Hooks - ===== Scenario Started: Invalid login =====
2026-01-05 22:15:45 INFO  driver.DriverFactory - Initializing WebDriver | mode=local | browser=chrome
2026-01-05 22:15:48 INFO  stepdefinitions.LoginSteps - Navigating to login page
2026-01-05 22:15:49 INFO  stepdefinitions.LoginSteps - Entering valid credentials
2026-01-05 22:15:49 INFO  stepdefinitions.LoginSteps - Verifying home page
2026-01-05 22:15:49 INFO  driver.DriverFactory - Attempting to quit WebDriver
2026-01-05 22:15:49 INFO  driver.DriverFactory - WebDriver quit successfully
2026-01-05 22:15:49 INFO  hooks.Hooks - ===== Scenario Started: Valid login =====
2026-01-05 22:15:49 INFO  driver.DriverFactory - Initializing WebDriver | mode=local | browser=chrome
2026-01-05 22:15:51 INFO  stepdefinitions.LoginSteps - Navigating to login page
2026-01-05 22:15:51 INFO  stepdefinitions.LoginSteps - Entering valid credentials
2026-01-05 22:15:51 INFO  driver.DriverFactory - Attempting to quit WebDriver
2026-01-05 22:15:52 INFO  driver.DriverFactory - WebDriver quit successfully
2026-01-05 22:16:29 INFO  hooks.Hooks - ===== Scenario Started: Valid login =====
2026-01-05 22:16:29 INFO  driver.DriverFactory - Initializing WebDriver | mode=local | browser=chrome
2026-01-05 22:16:32 INFO  stepdefinitions.LoginSteps - Navigating to login page
2026-01-05 22:16:32 INFO  stepdefinitions.LoginSteps - Entering valid credentials
2026-01-05 22:16:32 INFO  stepdefinitions.LoginSteps - Verifying home page
2026-01-05 22:16:32 INFO  driver.DriverFactory - Attempting to quit WebDriver
2026-01-05 22:16:32 INFO  driver.DriverFactory - WebDriver quit successfully
2026-01-05 22:16:33 INFO  hooks.Hooks - ===== Scenario Started: Invalid login =====
2026-01-05 22:16:33 INFO  driver.DriverFactory - Initializing WebDriver | mode=local | browser=chrome
2026-01-05 22:16:35 INFO  stepdefinitions.LoginSteps - Navigating to login page
2026-01-05 22:16:35 INFO  stepdefinitions.LoginSteps - Entering valid credentials
2026-01-05 22:16:35 INFO  stepdefinitions.LoginSteps - Verifying home page
2026-01-05 22:16:35 INFO  driver.DriverFactory - Attempting to quit WebDriver
2026-01-05 22:16:35 INFO  driver.DriverFactory - WebDriver quit successfully
2026-01-05 22:16:35 INFO  hooks.Hooks - ===== Scenario Started: Valid login =====
2026-01-05 22:16:35 INFO  driver.DriverFactory - Initializing WebDriver | mode=local | browser=chrome
2026-01-05 22:16:37 INFO  stepdefinitions.LoginSteps - Navigating to login page
2026-01-05 22:16:38 INFO  stepdefinitions.LoginSteps - Entering valid credentials
2026-01-05 22:16:38 INFO  driver.DriverFactory - Attempting to quit WebDriver
2026-01-05 22:16:38 INFO  driver.DriverFactory - WebDriver quit successfully
2026-01-05 22:17:34 INFO  hooks.Hooks - ===== Scenario Started: Valid login =====
2026-01-05 22:17:34 INFO  driver.DriverFactory - Initializing WebDriver | mode=local | browser=chrome
2026-01-05 22:17:37 INFO  stepdefinitions.LoginSteps - Navigating to login page
2026-01-05 22:17:37 INFO  stepdefinitions.LoginSteps - Entering valid credentials
2026-01-05 22:17:37 INFO  stepdefinitions.LoginSteps - Verifying home page
2026-01-05 22:17:37 INFO  driver.DriverFactory - Attempting to quit WebDriver
2026-01-05 22:17:37 INFO  driver.DriverFactory - WebDriver quit successfully
2026-01-05 22:17:38 INFO  hooks.Hooks - ===== Scenario Started: Invalid login =====
2026-01-05 22:17:38 INFO  driver.DriverFactory - Initializing WebDriver | mode=local | browser=chrome
2026-01-05 22:17:40 INFO  stepdefinitions.LoginSteps - Navigating to login page
2026-01-05 22:17:40 INFO  stepdefinitions.LoginSteps - Entering valid credentials
2026-01-05 22:17:40 INFO  stepdefinitions.LoginSteps - Verifying home page
2026-01-05 22:17:40 INFO  driver.DriverFactory - Attempting to quit WebDriver
2026-01-05 22:17:40 INFO  driver.DriverFactory - WebDriver quit successfully
2026-01-05 22:17:40 INFO  hooks.Hooks - ===== Scenario Started: Valid login =====
2026-01-05 22:17:40 INFO  driver.DriverFactory - Initializing WebDriver | mode=local | browser=chrome
2026-01-05 22:17:42 INFO  stepdefinitions.LoginSteps - Navigating to login page
2026-01-05 22:17:42 INFO  stepdefinitions.LoginSteps - Entering valid credentials
2026-01-05 22:17:42 INFO  driver.DriverFactory - Attempting to quit WebDriver
2026-01-05 22:17:42 INFO  driver.DriverFactory - WebDriver quit successfully
2026-01-05 22:22:19 INFO  hooks.Hooks - ===== Scenario Started: Valid login =====
2026-01-05 22:22:19 INFO  driver.DriverFactory - Initializing WebDriver | mode=local | browser=chrome
2026-01-05 22:22:22 INFO  stepdefinitions.LoginSteps - Navigating to login page
2026-01-05 22:22:22 INFO  stepdefinitions.LoginSteps - Entering valid credentials
2026-01-05 22:22:22 INFO  stepdefinitions.LoginSteps - Verifying home page
2026-01-05 22:22:22 INFO  driver.DriverFactory - Attempting to quit WebDriver
2026-01-05 22:22:23 INFO  driver.DriverFactory - WebDriver quit successfully
2026-01-05 22:22:24 INFO  hooks.Hooks - ===== Scenario Started: Invalid login =====
2026-01-05 22:22:24 INFO  driver.DriverFactory - Initializing WebDriver | mode=local | browser=chrome
2026-01-05 22:22:26 INFO  stepdefinitions.LoginSteps - Navigating to login page
2026-01-05 22:22:26 INFO  stepdefinitions.LoginSteps - Entering valid credentials
2026-01-05 22:22:26 INFO  stepdefinitions.LoginSteps - Verifying home page
2026-01-05 22:22:26 INFO  driver.DriverFactory - Attempting to quit WebDriver
2026-01-05 22:22:26 INFO  driver.DriverFactory - WebDriver quit successfully
2026-01-05 22:22:26 INFO  hooks.Hooks - ===== Scenario Started: Valid login =====
2026-01-05 22:22:26 INFO  driver.DriverFactory - Initializing WebDriver | mode=local | browser=chrome
2026-01-05 22:22:29 INFO  stepdefinitions.LoginSteps - Navigating to login page
2026-01-05 22:22:29 INFO  stepdefinitions.LoginSteps - Entering valid credentials
2026-01-05 22:22:29 INFO  driver.DriverFactory - Attempting to quit WebDriver
2026-01-05 22:22:29 INFO  driver.DriverFactory - WebDriver quit successfully
2026-01-05 22:26:17 INFO  hooks.Hooks - ===== Scenario Started: Valid login =====
2026-01-05 22:26:17 INFO  driver.DriverFactory - Initializing WebDriver | mode=local | browser=chrome
2026-01-05 22:26:23 INFO  stepdefinitions.LoginSteps - Navigating to login page
2026-01-05 22:26:23 INFO  stepdefinitions.LoginSteps - Entering valid credentials
2026-01-05 22:26:23 INFO  stepdefinitions.LoginSteps - Verifying home page
2026-01-05 22:26:23 INFO  driver.DriverFactory - Attempting to quit WebDriver
2026-01-05 22:26:23 INFO  driver.DriverFactory - WebDriver quit successfully
2026-01-05 22:26:23 INFO  hooks.Hooks - ===== Scenario Started: Invalid login =====
2026-01-05 22:26:23 INFO  driver.DriverFactory - Initializing WebDriver | mode=local | browser=chrome
2026-01-05 22:26:25 INFO  stepdefinitions.LoginSteps - Navigating to login page
2026-01-05 22:26:26 INFO  stepdefinitions.LoginSteps - Entering valid credentials
2026-01-05 22:26:26 INFO  stepdefinitions.LoginSteps - Verifying home page
2026-01-05 22:26:26 INFO  driver.DriverFactory - Attempting to quit WebDriver
2026-01-05 22:26:26 INFO  driver.DriverFactory - WebDriver quit successfully
2026-01-05 22:26:26 INFO  hooks.Hooks - ===== Scenario Started: Valid login =====
2026-01-05 22:26:26 INFO  driver.DriverFactory - Initializing WebDriver | mode=local | browser=chrome
2026-01-05 22:26:28 INFO  stepdefinitions.LoginSteps - Navigating to login page
2026-01-05 22:26:28 INFO  stepdefinitions.LoginSteps - Entering valid credentials
2026-01-05 22:26:28 INFO  driver.DriverFactory - Attempting to quit WebDriver
2026-01-05 22:26:28 INFO  driver.DriverFactory - WebDriver quit successfully
2026-01-05 22:27:36 INFO  hooks.Hooks - ===== Scenario Started: Valid login =====
2026-01-05 22:27:36 INFO  driver.DriverFactory - Initializing WebDriver | mode=local | browser=chrome
2026-01-05 22:27:39 INFO  stepdefinitions.LoginSteps - Navigating to login page
2026-01-05 22:27:39 INFO  stepdefinitions.LoginSteps - Entering valid credentials
2026-01-05 22:27:39 INFO  stepdefinitions.LoginSteps - Verifying home page
2026-01-05 22:27:39 INFO  driver.DriverFactory - Attempting to quit WebDriver
2026-01-05 22:27:39 INFO  driver.DriverFactory - WebDriver quit successfully
2026-01-05 22:27:40 INFO  hooks.Hooks - ===== Scenario Started: Invalid login =====
2026-01-05 22:27:40 INFO  driver.DriverFactory - Initializing WebDriver | mode=local | browser=chrome
2026-01-05 22:27:43 INFO  stepdefinitions.LoginSteps - Navigating to login page
2026-01-05 22:27:43 INFO  stepdefinitions.LoginSteps - Entering valid credentials
2026-01-05 22:27:43 INFO  stepdefinitions.LoginSteps - Verifying home page
2026-01-05 22:27:43 INFO  driver.DriverFactory - Attempting to quit WebDriver
2026-01-05 22:27:43 INFO  driver.DriverFactory - WebDriver quit successfully
2026-01-05 22:27:43 INFO  hooks.Hooks - ===== Scenario Started: Valid login =====
2026-01-05 22:27:43 INFO  driver.DriverFactory - Initializing WebDriver | mode=local | browser=chrome
2026-01-05 22:27:45 INFO  stepdefinitions.LoginSteps - Navigating to login page
2026-01-05 22:27:45 INFO  stepdefinitions.LoginSteps - Entering valid credentials
2026-01-05 22:27:46 INFO  driver.DriverFactory - Attempting to quit WebDriver
2026-01-05 22:27:46 INFO  driver.DriverFactory - WebDriver quit successfully
2026-01-05 22:31:02 INFO  hooks.Hooks - ===== Scenario Started: Valid login =====
2026-01-05 22:31:02 INFO  driver.DriverFactory - Initializing WebDriver | mode=local | browser=chrome
2026-01-05 22:31:05 INFO  stepdefinitions.LoginSteps - Navigating to login page
2026-01-05 22:31:05 INFO  stepdefinitions.LoginSteps - Entering valid credentials
2026-01-05 22:31:05 INFO  stepdefinitions.LoginSteps - Verifying home page
2026-01-05 22:31:05 INFO  driver.DriverFactory - Attempting to quit WebDriver
2026-01-05 22:31:05 INFO  driver.DriverFactory - WebDriver quit successfully
2026-01-05 22:31:06 INFO  hooks.Hooks - ===== Scenario Started: Invalid login =====
2026-01-05 22:31:06 INFO  driver.DriverFactory - Initializing WebDriver | mode=local | browser=chrome
2026-01-05 22:31:08 INFO  stepdefinitions.LoginSteps - Navigating to login page
2026-01-05 22:31:08 INFO  stepdefinitions.LoginSteps - Entering valid credentials
2026-01-05 22:31:08 INFO  stepdefinitions.LoginSteps - Verifying home page
2026-01-05 22:31:08 INFO  driver.DriverFactory - Attempting to quit WebDriver
2026-01-05 22:31:08 INFO  driver.DriverFactory - WebDriver quit successfully
2026-01-05 22:31:08 INFO  hooks.Hooks - ===== Scenario Started: Valid login =====
2026-01-05 22:31:08 INFO  driver.DriverFactory - Initializing WebDriver | mode=local | browser=chrome
2026-01-05 22:31:11 INFO  stepdefinitions.LoginSteps - Navigating to login page
2026-01-05 22:31:11 INFO  stepdefinitions.LoginSteps - Entering valid credentials
2026-01-05 22:31:11 INFO  driver.DriverFactory - Attempting to quit WebDriver
2026-01-05 22:31:11 INFO  driver.DriverFactory - WebDriver quit successfully
